<?xml version="1.0" encoding="UTF-8"?>
<!-- Generated by org.testng.reporters.JUnitReportReporter -->
<testsuite hostname="DESKTOP-NPOVF55" failures="0" tests="1" name="Practice.Sample1" time="0.022" errors="0" timestamp="2024-11-11T11:22:00 IST" skipped="0">
  <testcase classname="Practice.Sample1" name="print" time="0.022"/>
  <system-out/>
</testsuite> <!-- Practice.Sample1 -->
