<?xml version="1.0" encoding="UTF-8"?>
<!-- Generated by org.testng.reporters.JUnitReportReporter -->
<testsuite hostname="DESKTOP-NPOVF55" failures="0" tests="1" name="Practice.Sample" time="0.029" errors="0" timestamp="2024-11-11T11:18:26 IST" skipped="0">
  <testcase classname="Practice.Sample" name="print" time="0.029"/>
  <system-out/>
</testsuite> <!-- Practice.Sample -->
